[INFO] Scanning for projects...
[WARNING] 
[WARNING] Some problems were encountered while building the effective model for org.cache2k:cache2k-api:jar:2.0-SNAPSHOT
[WARNING] 'parent.relativePath' of POM org.cache2k:cache2k-java11-parent:2.0-SNAPSHOT (/Users/erfanarvan/Desktop/comparisonPaper/experiments/verify/cache2k/cache2k-java11-parent/pom.xml) points at org.cache2k:cache2k-api instead of org.cache2k:cache2k-parent, please verify your project structure @ org.cache2k:cache2k-java11-parent:2.0-SNAPSHOT, /Users/erfanarvan/Desktop/comparisonPaper/experiments/verify/cache2k/cache2k-java11-parent/pom.xml, line 5, column 11
[WARNING] 
[WARNING] It is highly recommended to fix these problems because they threaten the stability of your build.
[WARNING] 
[WARNING] For this reason, future Maven versions might no longer support building such malformed projects.
[WARNING] 
[INFO] 
[INFO] ----------------------< org.cache2k:cache2k-api >-----------------------
[INFO] Building cache2k API 2.0-SNAPSHOT
[INFO]   from pom.xml
[INFO] --------------------------------[ jar ]---------------------------------
[INFO] 
[INFO] --- enforcer:3.0.0-M2:enforce (enforce-versions) @ cache2k-api ---
[INFO] 
[INFO] --- resources:3.1.0:resources (default-resources) @ cache2k-api ---
[INFO] Using 'UTF-8' encoding to copy filtered resources.
[INFO] skip non existing resourceDirectory /Users/erfanarvan/Desktop/comparisonPaper/experiments/verify/cache2k/cache2k-api/src/main/resources
[INFO] 
[INFO] --- compiler:3.11.0:compile (java-8-compile) @ cache2k-api ---
[INFO] Compiling 91 source files with javac [forked debug release 8] to target/classes
[WARNING] The following options were not recognized by any processor: '[detailedmsgtex]'
[WARNING] /Users/erfanarvan/Desktop/comparisonPaper/experiments/verify/cache2k/cache2k-api/src/main/java/org/cache2k/config/DefaultCustomizationCollection.java:[68,35] [keyfor:purity.not.sideeffectfree.call] call to side-effecting getClass().getSimpleName not allowed in side-effect-free method
[WARNING] /Users/erfanarvan/Desktop/comparisonPaper/experiments/verify/cache2k/cache2k-api/src/main/java/org/cache2k/config/DefaultCustomizationCollection.java:[68,35] [nullness:purity.not.sideeffectfree.call] call to side-effecting getClass().getSimpleName not allowed in side-effect-free method
[WARNING] /Users/erfanarvan/Desktop/comparisonPaper/experiments/verify/cache2k/cache2k-api/src/main/java/org/cache2k/Cache2kBuilder.java:[136,14] [nullness:method.invocation] call to withConfig(org.cache2k.config.Cache2kConfig<K,V>) not allowed on the given receiver.
  found   : @UnderInitialization(org.cache2k.Cache2kBuilder.class) @NonNull Cache2kBuilder</*RAW*/>
  required: @Initialized @NonNull Cache2kBuilder</*RAW*/>
[WARNING] /Users/erfanarvan/Desktop/comparisonPaper/experiments/verify/cache2k/cache2k-api/src/main/java/org/cache2k/Cache2kBuilder.java:[1018,35] [nullness:contracts.precondition.override] Subclass precondition is stronger for 'this.config' in config.
    In superclass org.cache2k.config.ConfigBuilder: no information
    In subclass org.cache2k.Cache2kBuilder: @Nullable
[WARNING] /Users/erfanarvan/Desktop/comparisonPaper/experiments/verify/cache2k/cache2k-api/src/main/java/org/cache2k/config/SectionContainer.java:[81,35] [keyfor:purity.not.sideeffectfree.call] call to side-effecting getClass().getSimpleName not allowed in side-effect-free method
[WARNING] /Users/erfanarvan/Desktop/comparisonPaper/experiments/verify/cache2k/cache2k-api/src/main/java/org/cache2k/config/SectionContainer.java:[81,35] [nullness:purity.not.sideeffectfree.call] call to side-effecting getClass().getSimpleName not allowed in side-effect-free method
[WARNING] /Users/erfanarvan/Desktop/comparisonPaper/experiments/verify/cache2k/cache2k-api/src/main/java/org/cache2k/config/CustomizationReferenceSupplier.java:[39,28] [nullness:argument] incompatible argument for parameter obj of Cache2kConfig.checkNull.
  found   : T extends @Initialized @Nullable Object
  required: @Initialized @NonNull Object
[WARNING] /Users/erfanarvan/Desktop/comparisonPaper/experiments/verify/cache2k/cache2k-api/src/main/java/org/cache2k/config/ToggleFeature.java:[81,15] [nullness:return] incompatible types in return.
  type of expression: T extends @Initialized @NonNull ToggleFeature
  method return type: T extends @Initialized @Nullable ToggleFeature
[WARNING] /Users/erfanarvan/Desktop/comparisonPaper/experiments/verify/cache2k/cache2k-api/src/main/java/org/cache2k/config/ToggleFeature.java:[148,35] [keyfor:purity.not.sideeffectfree.call] call to side-effecting getClass().getSimpleName not allowed in side-effect-free method
[WARNING] /Users/erfanarvan/Desktop/comparisonPaper/experiments/verify/cache2k/cache2k-api/src/main/java/org/cache2k/config/ToggleFeature.java:[148,35] [nullness:purity.not.sideeffectfree.call] call to side-effecting getClass().getSimpleName not allowed in side-effect-free method
[WARNING] /Users/erfanarvan/Desktop/comparisonPaper/experiments/verify/cache2k/cache2k-api/src/main/java/org/cache2k/Cache.java:[885,16] [nullness:type.argument] incompatible type argument for type parameter K of ConcurrentMap.
  found   : K extends @Initialized @Nullable Object
  required: @Initialized @NonNull Object
[WARNING] /Users/erfanarvan/Desktop/comparisonPaper/experiments/verify/cache2k/cache2k-api/src/main/java/org/cache2k/Cache.java:[885,19] [nullness:type.argument] incompatible type argument for type parameter V of ConcurrentMap.
  found   : V extends @Initialized @Nullable Object
  required: @Initialized @NonNull Object
[WARNING] /Users/erfanarvan/Desktop/comparisonPaper/experiments/verify/cache2k/cache2k-api/src/main/java/org/cache2k/config/CustomizationSupplierByClassName.java:[78,19] [nullness:argument] incompatible argument for parameter arg0 of ClassLoader.loadClass.
  found   : @Initialized @MonotonicNonNull String
  required: @Initialized @NonNull String
[WARNING] /Users/erfanarvan/Desktop/comparisonPaper/experiments/verify/cache2k/cache2k-api/src/main/java/org/cache2k/config/CustomizationSupplierByClassName.java:[89,11] [nullness:dereference.of.nullable] dereference of possibly-null reference className
[WARNING] /Users/erfanarvan/Desktop/comparisonPaper/experiments/verify/cache2k/cache2k-api/src/main/java/org/cache2k/ForwardingCache.java:[226,40] [keyfor:purity.not.sideeffectfree.call] call to side-effecting this.getClass().getSimpleName not allowed in side-effect-free method
[WARNING] /Users/erfanarvan/Desktop/comparisonPaper/experiments/verify/cache2k/cache2k-api/src/main/java/org/cache2k/ForwardingCache.java:[226,40] [nullness:purity.not.sideeffectfree.call] call to side-effecting this.getClass().getSimpleName not allowed in side-effect-free method
[WARNING] /Users/erfanarvan/Desktop/comparisonPaper/experiments/verify/cache2k/cache2k-api/src/main/java/org/cache2k/ForwardingCache.java:[235,23] [nullness:type.argument] incompatible type argument for type parameter K of ConcurrentMap.
  found   : K extends @Initialized @Nullable Object
  required: @Initialized @NonNull Object
[WARNING] /Users/erfanarvan/Desktop/comparisonPaper/experiments/verify/cache2k/cache2k-api/src/main/java/org/cache2k/ForwardingCache.java:[235,26] [nullness:type.argument] incompatible type argument for type parameter V of ConcurrentMap.
  found   : V extends @Initialized @Nullable Object
  required: @Initialized @NonNull Object
[WARNING] /Users/erfanarvan/Desktop/comparisonPaper/experiments/verify/cache2k/cache2k-api/src/main/java/org/cache2k/AbstractCache.java:[216,23] [nullness:type.argument] incompatible type argument for type parameter K of ConcurrentMap.
  found   : K extends @Initialized @Nullable Object
  required: @Initialized @NonNull Object
[WARNING] /Users/erfanarvan/Desktop/comparisonPaper/experiments/verify/cache2k/cache2k-api/src/main/java/org/cache2k/AbstractCache.java:[216,26] [nullness:type.argument] incompatible type argument for type parameter V of ConcurrentMap.
  found   : V extends @Initialized @Nullable Object
  required: @Initialized @NonNull Object
[WARNING] /Users/erfanarvan/Desktop/comparisonPaper/experiments/verify/cache2k/cache2k-api/src/main/java/org/cache2k/integration/Loaders.java:[42,39] [nullness:argument] incompatible argument for parameter value of RefreshedTimeWrapper constructor.
  found   : V extends @Initialized @Nullable Object
  required: @Initialized @NonNull Object
[WARNING] /Users/erfanarvan/Desktop/comparisonPaper/experiments/verify/cache2k/cache2k-api/src/main/java/org/cache2k/config/Cache2kManagerConfig.java:[105,11] [nullness:override.return] Incompatible return type.
  found   : @FBCBottom @Nullable Cache2kManagerConfig
  required: @Initialized @NonNull Cache2kManagerConfig
  Consequence: method in @Initialized @NonNull Builder
    @FBCBottom @Nullable Cache2kManagerConfig config(@Initialized @NonNull Builder this)
  cannot override method in @Initialized @NonNull ConfigBuilder<@Initialized @NonNull Builder, @Initialized @NonNull Cache2kManagerConfig>
    @Initialized @NonNull Cache2kManagerConfig config(@Initialized @NonNull ConfigBuilder<@Initialized @NonNull Builder, @Initialized @NonNull Cache2kManagerConfig> this)
[WARNING] /Users/erfanarvan/Desktop/comparisonPaper/experiments/verify/cache2k/cache2k-api/src/main/java/org/cache2k/config/CacheTypeCapture.java:[49,6] [nullness:dereference.of.nullable] dereference of possibly-null reference ((ParameterizedType)this.getClass().getGenericSuperclass())
[WARNING] /Users/erfanarvan/Desktop/comparisonPaper/experiments/verify/cache2k/cache2k-api/src/main/java/org/cache2k/config/CacheTypeCapture.java:[128,54] [keyfor:purity.not.sideeffectfree.call] call to side-effecting getTypeName not allowed in side-effect-free method
[WARNING] /Users/erfanarvan/Desktop/comparisonPaper/experiments/verify/cache2k/cache2k-api/src/main/java/org/cache2k/config/CacheTypeCapture.java:[128,54] [nullness:purity.not.sideeffectfree.call] call to side-effecting getTypeName not allowed in side-effect-free method
[WARNING] /Users/erfanarvan/Desktop/comparisonPaper/experiments/verify/cache2k/cache2k-api/src/main/java/org/cache2k/config/CacheTypeCapture.java:[154,10] [nullness:dereference.of.nullable] dereference of possibly-null reference s
[WARNING] /Users/erfanarvan/Desktop/comparisonPaper/experiments/verify/cache2k/cache2k-api/src/main/java/org/cache2k/config/CacheTypeCapture.java:[207,13] [nullness:dereference.of.nullable] dereference of possibly-null reference td
[WARNING] /Users/erfanarvan/Desktop/comparisonPaper/experiments/verify/cache2k/cache2k-api/src/main/java/org/cache2k/config/CacheTypeCapture.java:[215,13] [nullness:dereference.of.nullable] dereference of possibly-null reference td
[INFO] 
[INFO] --- compiler:3.11.0:compile (java-11-compile) @ cache2k-api ---
[INFO] Compiling 1 source file with javac [forked debug release 11] to target/classes
[WARNING] The following options were not recognized by any processor: '[detailedmsgtex]'
[INFO] ------------------------------------------------------------------------
[INFO] BUILD SUCCESS
[INFO] ------------------------------------------------------------------------
[INFO] Total time:  11.217 s
[INFO] Finished at: 2024-09-09T05:17:49-04:00
[INFO] ------------------------------------------------------------------------
