[INFO] Scanning for projects...
[WARNING] 
[WARNING] Some problems were encountered while building the effective model for org.cache2k:cache2k-api:jar:2.0-SNAPSHOT
[WARNING] 'parent.relativePath' of POM org.cache2k:cache2k-java11-parent:2.0-SNAPSHOT (/Users/erfanarvan/Desktop/comparisonPaper/experiments/verify/cache2k/cache2k-java11-parent/pom.xml) points at org.cache2k:cache2k-api instead of org.cache2k:cache2k-parent, please verify your project structure @ org.cache2k:cache2k-java11-parent:2.0-SNAPSHOT, /Users/erfanarvan/Desktop/comparisonPaper/experiments/verify/cache2k/cache2k-java11-parent/pom.xml, line 5, column 11
[WARNING] 
[WARNING] It is highly recommended to fix these problems because they threaten the stability of your build.
[WARNING] 
[WARNING] For this reason, future Maven versions might no longer support building such malformed projects.
[WARNING] 
[INFO] 
[INFO] ----------------------< org.cache2k:cache2k-api >-----------------------
[INFO] Building cache2k API 2.0-SNAPSHOT
[INFO]   from pom.xml
[INFO] --------------------------------[ jar ]---------------------------------
[INFO] 
[INFO] --- enforcer:3.0.0-M2:enforce (enforce-versions) @ cache2k-api ---
[INFO] 
[INFO] --- resources:3.1.0:resources (default-resources) @ cache2k-api ---
[INFO] Using 'UTF-8' encoding to copy filtered resources.
[INFO] skip non existing resourceDirectory /Users/erfanarvan/Desktop/comparisonPaper/experiments/verify/cache2k/cache2k-api/src/main/resources
[INFO] 
[INFO] --- compiler:3.11.0:compile (java-8-compile) @ cache2k-api ---
[INFO] Compiling 96 source files with javac [forked debug release 8] to target/classes
[WARNING] /Users/erfanarvan/Desktop/comparisonPaper/experiments/verify/cache2k/cache2k-api/src/main/java/org/cache2k/config/DefaultCustomizationCollection.java:[68,35] [purity.not.sideeffectfree.call] call to side-effecting getClass().getSimpleName not allowed in side-effect-free method
[WARNING] /Users/erfanarvan/Desktop/comparisonPaper/experiments/verify/cache2k/cache2k-api/src/main/java/org/cache2k/Cache2kBuilder.java:[137,14] [method.invocation] call to withConfig(org.cache2k.config.Cache2kConfig<K,V>) not allowed on the given receiver.
  found   : @UnderInitialization(org.cache2k.Cache2kBuilder.class) @NonNull Cache2kBuilder</*RAW*/>
  required: @Initialized @NonNull Cache2kBuilder</*RAW*/>
[WARNING] /Users/erfanarvan/Desktop/comparisonPaper/experiments/verify/cache2k/cache2k-api/src/main/java/org/cache2k/Cache2kBuilder.java:[1017,35] [contracts.precondition.override] Subclass precondition is stronger for 'this.config' in config.
    In superclass org.cache2k.config.ConfigBuilder: no information
    In subclass org.cache2k.Cache2kBuilder: @Nullable
[WARNING] /Users/erfanarvan/Desktop/comparisonPaper/experiments/verify/cache2k/cache2k-api/src/main/java/org/cache2k/config/SectionContainer.java:[82,35] [purity.not.sideeffectfree.call] call to side-effecting getClass().getSimpleName not allowed in side-effect-free method
[WARNING] /Users/erfanarvan/Desktop/comparisonPaper/experiments/verify/cache2k/cache2k-api/src/main/java/org/cache2k/config/CustomizationReferenceSupplier.java:[39,28] [argument] incompatible argument for parameter obj of Cache2kConfig.checkNull.
  found   : T extends @Initialized @Nullable Object
  required: @Initialized @NonNull Object
[WARNING] /Users/erfanarvan/Desktop/comparisonPaper/experiments/verify/cache2k/cache2k-api/src/main/java/org/cache2k/config/ToggleFeature.java:[82,15] [return] incompatible types in return.
  type of expression: T extends @Initialized @NonNull ToggleFeature
  method return type: T extends @Initialized @Nullable ToggleFeature
[WARNING] /Users/erfanarvan/Desktop/comparisonPaper/experiments/verify/cache2k/cache2k-api/src/main/java/org/cache2k/config/ToggleFeature.java:[149,35] [purity.not.sideeffectfree.call] call to side-effecting getClass().getSimpleName not allowed in side-effect-free method
[WARNING] /Users/erfanarvan/Desktop/comparisonPaper/experiments/verify/cache2k/cache2k-api/src/main/java/org/cache2k/Cache.java:[933,16] [type.argument] incompatible type argument for type parameter K of ConcurrentMap.
  found   : K extends @Initialized @Nullable Object
  required: @Initialized @NonNull Object
[WARNING] /Users/erfanarvan/Desktop/comparisonPaper/experiments/verify/cache2k/cache2k-api/src/main/java/org/cache2k/Cache.java:[933,19] [type.argument] incompatible type argument for type parameter V of ConcurrentMap.
  found   : V extends @Initialized @Nullable Object
  required: @Initialized @NonNull Object
[WARNING] /Users/erfanarvan/Desktop/comparisonPaper/experiments/verify/cache2k/cache2k-api/src/main/java/org/cache2k/config/CustomizationSupplierByClassName.java:[80,19] [argument] incompatible argument for parameter arg0 of ClassLoader.loadClass.
  found   : @Initialized @MonotonicNonNull String
  required: @Initialized @NonNull String
[WARNING] /Users/erfanarvan/Desktop/comparisonPaper/experiments/verify/cache2k/cache2k-api/src/main/java/org/cache2k/ForwardingCache.java:[242,23] [type.argument] incompatible type argument for type parameter K of ConcurrentMap.
  found   : K extends @Initialized @Nullable Object
  required: @Initialized @NonNull Object
[WARNING] /Users/erfanarvan/Desktop/comparisonPaper/experiments/verify/cache2k/cache2k-api/src/main/java/org/cache2k/ForwardingCache.java:[242,26] [type.argument] incompatible type argument for type parameter V of ConcurrentMap.
  found   : V extends @Initialized @Nullable Object
  required: @Initialized @NonNull Object
[WARNING] /Users/erfanarvan/Desktop/comparisonPaper/experiments/verify/cache2k/cache2k-api/src/main/java/org/cache2k/ForwardingCache.java:[251,40] [purity.not.sideeffectfree.call] call to side-effecting this.getClass().getSimpleName not allowed in side-effect-free method
[WARNING] /Users/erfanarvan/Desktop/comparisonPaper/experiments/verify/cache2k/cache2k-api/src/main/java/org/cache2k/AbstractCache.java:[220,23] [type.argument] incompatible type argument for type parameter K of ConcurrentMap.
  found   : K extends @Initialized @Nullable Object
  required: @Initialized @NonNull Object
[WARNING] /Users/erfanarvan/Desktop/comparisonPaper/experiments/verify/cache2k/cache2k-api/src/main/java/org/cache2k/AbstractCache.java:[220,26] [type.argument] incompatible type argument for type parameter V of ConcurrentMap.
  found   : V extends @Initialized @Nullable Object
  required: @Initialized @NonNull Object
[WARNING] /Users/erfanarvan/Desktop/comparisonPaper/experiments/verify/cache2k/cache2k-api/src/main/java/org/cache2k/integration/Loaders.java:[42,39] [argument] incompatible argument for parameter value of RefreshedTimeWrapper constructor.
  found   : V extends @Initialized @Nullable Object
  required: @Initialized @NonNull Object
[WARNING] /Users/erfanarvan/Desktop/comparisonPaper/experiments/verify/cache2k/cache2k-api/src/main/java/org/cache2k/config/CacheTypeCapture.java:[50,6] [dereference.of.nullable] dereference of possibly-null reference ((ParameterizedType)this.getClass().getGenericSuperclass())
[WARNING] /Users/erfanarvan/Desktop/comparisonPaper/experiments/verify/cache2k/cache2k-api/src/main/java/org/cache2k/config/CacheTypeCapture.java:[129,54] [purity.not.sideeffectfree.call] call to side-effecting getTypeName not allowed in side-effect-free method
[WARNING] /Users/erfanarvan/Desktop/comparisonPaper/experiments/verify/cache2k/cache2k-api/src/main/java/org/cache2k/config/CacheTypeCapture.java:[155,10] [dereference.of.nullable] dereference of possibly-null reference s
[WARNING] /Users/erfanarvan/Desktop/comparisonPaper/experiments/verify/cache2k/cache2k-api/src/main/java/org/cache2k/config/CacheTypeCapture.java:[209,13] [dereference.of.nullable] dereference of possibly-null reference td
[WARNING] /Users/erfanarvan/Desktop/comparisonPaper/experiments/verify/cache2k/cache2k-api/src/main/java/org/cache2k/config/CacheTypeCapture.java:[218,13] [dereference.of.nullable] dereference of possibly-null reference td
[INFO] 
[INFO] --- compiler:3.11.0:compile (java-11-compile) @ cache2k-api ---
[WARNING] ****************************************************************************************************************************************
[WARNING] * Required filename-based automodules detected: [jsr305-3.0.2.jar]. Please don't publish this project to a public artifact repository! *
[WARNING] ****************************************************************************************************************************************
[INFO] Compiling 1 source file with javac [forked debug release 11 module-path] to target/classes
[INFO] ------------------------------------------------------------------------
[INFO] BUILD SUCCESS
[INFO] ------------------------------------------------------------------------
[INFO] Total time:  11.256 s
[INFO] Finished at: 2024-09-09T02:51:34-04:00
[INFO] ------------------------------------------------------------------------
