[INFO] Scanning for projects...
[WARNING] 
[WARNING] Some problems were encountered while building the effective model for org.cache2k:cache2k-api:jar:2.0-SNAPSHOT
[WARNING] 'dependencies.dependency.(groupId:artifactId:type:classifier)' must be unique: org.checkerframework:checker-qual:jar -> version 3.7.1 vs 3.45.1-SNAPSHOT @ line 52, column 17
[WARNING] 
[WARNING] It is highly recommended to fix these problems because they threaten the stability of your build.
[WARNING] 
[WARNING] For this reason, future Maven versions might no longer support building such malformed projects.
[WARNING] 
[INFO] 
[INFO] ----------------------< org.cache2k:cache2k-api >-----------------------
[INFO] Building cache2k API 2.0-SNAPSHOT
[INFO]   from pom.xml
[INFO] --------------------------------[ jar ]---------------------------------
[INFO] 
[INFO] --- enforcer:3.0.0-M2:enforce (enforce-versions) @ cache2k-api ---
[INFO] 
[INFO] --- resources:3.1.0:resources (default-resources) @ cache2k-api ---
[INFO] Using 'UTF-8' encoding to copy filtered resources.
[INFO] skip non existing resourceDirectory /Users/erfanarvan/Desktop/comparisonPaper/wpi-njr-debug/dataset/post_wpi_with_s_cache2k-CFNullness/cache2k-api/src/main/resources
[INFO] 
[INFO] --- compiler:3.11.0:compile (java-8-compile) @ cache2k-api ---
[INFO] Compiling 95 source files with javac [forked debug release 8] to target/classes
[WARNING] The following options were not recognized by any processor: '[detailedmsgtex]'
[WARNING] WARNING: An illegal reflective access operation has occurred
WARNING: Illegal reflective access by org.checkerframework.javacutil.Resolver (file:/Users/erfanarvan/.m2/repository/org/checkerframework/checker/3.45.1-SNAPSHOT/checker-3.45.1-SNAPSHOT.jar) to method com.sun.tools.javac.comp.Resolve.findMethod(com.sun.tools.javac.comp.Env,com.sun.tools.javac.code.Type,com.sun.tools.javac.util.Name,com.sun.tools.javac.util.List,com.sun.tools.javac.util.List,boolean,boolean)
WARNING: Please consider reporting this to the maintainers of org.checkerframework.javacutil.Resolver
WARNING: Use --illegal-access=warn to enable warnings of further illegal reflective access operations
WARNING: All illegal access operations will be denied in a future release
/Users/erfanarvan/Desktop/comparisonPaper/wpi-njr-debug/dataset/post_wpi_with_s_cache2k-CFNullness/cache2k-api/src/main/java/org/cache2k/config/CustomizationReferenceSupplier.java:[44,27] [nullness:argument] incompatible argument for parameter arg0 of Objects.requireNonNull.
  found   : T extends @Initialized @Nullable Object
  required: T extends @Initialized @NonNull Object
[WARNING] /Users/erfanarvan/Desktop/comparisonPaper/wpi-njr-debug/dataset/post_wpi_with_s_cache2k-CFNullness/cache2k-api/src/main/java/org/cache2k/io/ResiliencePolicy.java:[59,35] [nullness:argument] incompatible argument for parameter v of Cache2kConfig.setResiliencePolicy.
  found   : null (NullType)
  required: @Initialized @NonNull CustomizationSupplier<? extends @Initialized @NonNull ResiliencePolicy<K extends @Initialized @Nullable Object, V extends @Initialized @Nullable Object>>
[WARNING] /Users/erfanarvan/Desktop/comparisonPaper/wpi-njr-debug/dataset/post_wpi_with_s_cache2k-CFNullness/cache2k-api/src/main/java/org/cache2k/config/SectionContainer.java:[84,35] [keyfor:purity.not.sideeffectfree.call] call to side-effecting getClass().getSimpleName not allowed in side-effect-free method
[WARNING] /Users/erfanarvan/Desktop/comparisonPaper/wpi-njr-debug/dataset/post_wpi_with_s_cache2k-CFNullness/cache2k-api/src/main/java/org/cache2k/config/SectionContainer.java:[84,35] [nullness:purity.not.sideeffectfree.call] call to side-effecting getClass().getSimpleName not allowed in side-effect-free method
[WARNING] /Users/erfanarvan/Desktop/comparisonPaper/wpi-njr-debug/dataset/post_wpi_with_s_cache2k-CFNullness/cache2k-api/src/main/java/org/cache2k/config/ToggleFeature.java:[82,15] [nullness:return] incompatible types in return.
  type of expression: T extends @Initialized @NonNull ToggleFeature
  method return type: T extends @Initialized @Nullable ToggleFeature
[WARNING] /Users/erfanarvan/Desktop/comparisonPaper/wpi-njr-debug/dataset/post_wpi_with_s_cache2k-CFNullness/cache2k-api/src/main/java/org/cache2k/config/ToggleFeature.java:[150,35] [keyfor:purity.not.sideeffectfree.call] call to side-effecting getClass().getSimpleName not allowed in side-effect-free method
[WARNING] /Users/erfanarvan/Desktop/comparisonPaper/wpi-njr-debug/dataset/post_wpi_with_s_cache2k-CFNullness/cache2k-api/src/main/java/org/cache2k/config/ToggleFeature.java:[150,35] [nullness:purity.not.sideeffectfree.call] call to side-effecting getClass().getSimpleName not allowed in side-effect-free method
[WARNING] /Users/erfanarvan/Desktop/comparisonPaper/wpi-njr-debug/dataset/post_wpi_with_s_cache2k-CFNullness/cache2k-api/src/main/java/org/cache2k/Cache.java:[937,16] [nullness:type.argument] incompatible type argument for type parameter K of ConcurrentMap.
  found   : K extends @Initialized @Nullable Object
  required: @Initialized @NonNull Object
[WARNING] /Users/erfanarvan/Desktop/comparisonPaper/wpi-njr-debug/dataset/post_wpi_with_s_cache2k-CFNullness/cache2k-api/src/main/java/org/cache2k/Cache.java:[937,19] [nullness:type.argument] incompatible type argument for type parameter V of ConcurrentMap.
  found   : V extends @Initialized @Nullable Object
  required: @Initialized @NonNull Object
[WARNING] /Users/erfanarvan/Desktop/comparisonPaper/wpi-njr-debug/dataset/post_wpi_with_s_cache2k-CFNullness/cache2k-api/src/main/java/org/cache2k/ForwardingCache.java:[243,23] [nullness:type.argument] incompatible type argument for type parameter K of ConcurrentMap.
  found   : K extends @Initialized @Nullable Object
  required: @Initialized @NonNull Object
[WARNING] /Users/erfanarvan/Desktop/comparisonPaper/wpi-njr-debug/dataset/post_wpi_with_s_cache2k-CFNullness/cache2k-api/src/main/java/org/cache2k/ForwardingCache.java:[243,26] [nullness:type.argument] incompatible type argument for type parameter V of ConcurrentMap.
  found   : V extends @Initialized @Nullable Object
  required: @Initialized @NonNull Object
[WARNING] /Users/erfanarvan/Desktop/comparisonPaper/wpi-njr-debug/dataset/post_wpi_with_s_cache2k-CFNullness/cache2k-api/src/main/java/org/cache2k/ForwardingCache.java:[252,40] [keyfor:purity.not.sideeffectfree.call] call to side-effecting this.getClass().getSimpleName not allowed in side-effect-free method
[WARNING] /Users/erfanarvan/Desktop/comparisonPaper/wpi-njr-debug/dataset/post_wpi_with_s_cache2k-CFNullness/cache2k-api/src/main/java/org/cache2k/ForwardingCache.java:[252,40] [nullness:purity.not.sideeffectfree.call] call to side-effecting this.getClass().getSimpleName not allowed in side-effect-free method
[WARNING] /Users/erfanarvan/Desktop/comparisonPaper/wpi-njr-debug/dataset/post_wpi_with_s_cache2k-CFNullness/cache2k-api/src/main/java/org/cache2k/integration/Loaders.java:[43,39] [nullness:argument] incompatible argument for parameter value of RefreshedTimeWrapper constructor.
  found   : V extends @Initialized @Nullable Object
  required: @Initialized @NonNull Object
[WARNING] /Users/erfanarvan/Desktop/comparisonPaper/wpi-njr-debug/dataset/post_wpi_with_s_cache2k-CFNullness/cache2k-api/src/main/java/org/cache2k/AbstractCache.java:[232,23] [nullness:type.argument] incompatible type argument for type parameter K of ConcurrentMap.
  found   : K extends @Initialized @Nullable Object
  required: @Initialized @NonNull Object
[WARNING] /Users/erfanarvan/Desktop/comparisonPaper/wpi-njr-debug/dataset/post_wpi_with_s_cache2k-CFNullness/cache2k-api/src/main/java/org/cache2k/AbstractCache.java:[232,26] [nullness:type.argument] incompatible type argument for type parameter V of ConcurrentMap.
  found   : V extends @Initialized @Nullable Object
  required: @Initialized @NonNull Object
[WARNING] /Users/erfanarvan/Desktop/comparisonPaper/wpi-njr-debug/dataset/post_wpi_with_s_cache2k-CFNullness/cache2k-api/src/main/java/org/cache2k/config/DefaultCustomizationCollection.java:[68,35] [keyfor:purity.not.sideeffectfree.call] call to side-effecting getClass().getSimpleName not allowed in side-effect-free method
[WARNING] /Users/erfanarvan/Desktop/comparisonPaper/wpi-njr-debug/dataset/post_wpi_with_s_cache2k-CFNullness/cache2k-api/src/main/java/org/cache2k/config/DefaultCustomizationCollection.java:[68,35] [nullness:purity.not.sideeffectfree.call] call to side-effecting getClass().getSimpleName not allowed in side-effect-free method
[WARNING] /Users/erfanarvan/Desktop/comparisonPaper/wpi-njr-debug/dataset/post_wpi_with_s_cache2k-CFNullness/cache2k-api/src/main/java/org/cache2k/config/CacheTypeCapture.java:[130,54] [keyfor:purity.not.sideeffectfree.call] call to side-effecting getTypeName not allowed in side-effect-free method
[INFO] 
[INFO] --- compiler:3.11.0:compile (java-11-compile) @ cache2k-api ---
[WARNING] ***************************************************************************************************************************************************************************
[WARNING] * Required filename-based automodules detected: [jsr305-3.0.2.jar, kotlin-annotations-jvm-1.4.10.jar]. Please don't publish this project to a public artifact repository! *
[WARNING] ***************************************************************************************************************************************************************************
[INFO] Compiling 1 source file with javac [forked debug release 11 module-path] to target/classes
[WARNING] The following options were not recognized by any processor: '[detailedmsgtex]'
[INFO] ------------------------------------------------------------------------
[INFO] BUILD SUCCESS
[INFO] ------------------------------------------------------------------------
[INFO] Total time:  9.300 s
[INFO] Finished at: 2024-08-18T02:00:01-04:00
[INFO] ------------------------------------------------------------------------
